[1201/165606.995:ERROR:directory_reader_win.cc(43)] FindFirstFile: Le chemin d’accès spécifié est introuvable. (0x3)
[1202/193421.079:ERROR:process_reader_win.cc(123)] NtOpenThread: {Accès refusé} Un processus a demandé l’accès a un objet, mais il ne bénéficie pas des autorisations nécessaires. (0xc0000022)
[1202/193421.127:ERROR:process_reader_win.cc(123)] NtOpenThread: {Accès refusé} Un processus a demandé l’accès a un objet, mais il ne bénéficie pas des autorisations nécessaires. (0xc0000022)
[1202/193421.079:ERROR:process_reader_win.cc(123)] NtOpenThread: {Accès refusé} Un processus a demandé l’accès a un objet, mais il ne bénéficie pas des autorisations nécessaires. (0xc0000022)
[1202/193421.075:ERROR:process_reader_win.cc(123)] NtOpenThread: {Accès refusé} Un processus a demandé l’accès a un objet, mais il ne bénéficie pas des autorisations nécessaires. (0xc0000022)
[1202/193421.080:ERROR:process_reader_win.cc(123)] NtOpenThread: {Accès refusé} Un processus a demandé l’accès a un objet, mais il ne bénéficie pas des autorisations nécessaires. (0xc0000022)
[1202/193420.833:ERROR:scoped_process_suspend.cc(31)] NtSuspendProcess: Tentative d’accès à un processus en cours d’arrêt. (0xc000010a)
[1202/193421.078:ERROR:process_reader_win.cc(123)] NtOpenThread: {Accès refusé} Un processus a demandé l’accès a un objet, mais il ne bénéficie pas des autorisations nécessaires. (0xc0000022)
[1202/193421.075:ERROR:process_reader_win.cc(123)] NtOpenThread: {Accès refusé} Un processus a demandé l’accès a un objet, mais il ne bénéficie pas des autorisations nécessaires. (0xc0000022)
[1202/193421.074:ERROR:process_reader_win.cc(123)] NtOpenThread: {Accès refusé} Un processus a demandé l’accès a un objet, mais il ne bénéficie pas des autorisations nécessaires. (0xc0000022)
[1202/193420.833:ERROR:scoped_process_suspend.cc(31)] NtSuspendProcess: Tentative d’accès à un processus en cours d’arrêt. (0xc000010a)
[1202/193421.075:ERROR:process_reader_win.cc(123)] NtOpenThread: {Accès refusé} Un processus a demandé l’accès a un objet, mais il ne bénéficie pas des autorisations nécessaires. (0xc0000022)
[1202/193421.077:ERROR:process_reader_win.cc(123)] NtOpenThread: {Accès refusé} Un processus a demandé l’accès a un objet, mais il ne bénéficie pas des autorisations nécessaires. (0xc0000022)
[1202/193421.210:ERROR:exception_snapshot_win.cc(99)] thread ID 2248 not found in process
[1202/193421.210:ERROR:exception_snapshot_win.cc(99)] thread ID 6852 not found in process
[1202/193421.428:ERROR:exception_snapshot_win.cc(99)] thread ID 10480 not found in process
[1202/193421.428:ERROR:exception_snapshot_win.cc(99)] thread ID 3680 not found in process
[1202/193421.210:ERROR:exception_snapshot_win.cc(99)] thread ID 11580 not found in process
[1202/193421.428:ERROR:exception_snapshot_win.cc(99)] thread ID 11440 not found in process
[1202/193421.429:ERROR:exception_snapshot_win.cc(99)] thread ID 3704 not found in process
[1202/193421.429:ERROR:exception_snapshot_win.cc(99)] thread ID 7800 not found in process
[1202/193421.429:ERROR:exception_snapshot_win.cc(99)] thread ID 9140 not found in process
[1202/193421.429:ERROR:exception_snapshot_win.cc(99)] thread ID 2660 not found in process
[1202/193421.429:ERROR:process_info.cc(118)] ReadProcessMemory bool __cdecl crashpad::(anonymous namespace)::ReadStruct(HANDLE, crashpad::WinVMAddress, T *) [T = crashpad::process_types::PEB<crashpad::process_types::internal::Traits64>]: Seule une partie d’une requête ReadProcessMemory ou WriteProcessMemory a été effectuée. (0x12B)
[1202/193421.429:ERROR:process_info.cc(118)] ReadProcessMemory bool __cdecl crashpad::(anonymous namespace)::ReadStruct(HANDLE, crashpad::WinVMAddress, T *) [T = crashpad::process_types::PEB<crashpad::process_types::internal::Traits64>]: Seule une partie d’une requête ReadProcessMemory ou WriteProcessMemory a été effectuée. (0x12B)
[1202/193421.430:ERROR:process_info.cc(551)] ReadProcessData failed
[1202/193421.430:ERROR:process_info.cc(551)] ReadProcessData failed
[1202/193421.438:ERROR:process_reader_win.cc(123)] NtOpenThread: {Accès refusé} Un processus a demandé l’accès a un objet, mais il ne bénéficie pas des autorisations nécessaires. (0xc0000022)
[1202/193421.438:ERROR:exception_snapshot_win.cc(99)] thread ID 7432 not found in process
[1210/115223.276:ERROR:directory_reader_win.cc(43)] FindFirstFile: Le chemin d’accès spécifié est introuvable. (0x3)
[1215/094913.712:ERROR:directory_reader_win.cc(43)] FindFirstFile: Le chemin d’accès spécifié est introuvable. (0x3)
[1215/170517.093:ERROR:directory_reader_win.cc(43)] FindFirstFile: Le chemin d’accès spécifié est introuvable. (0x3)
[1219/105616.605:ERROR:directory_reader_win.cc(43)] FindFirstFile: Le chemin d’accès spécifié est introuvable. (0x3)
[1220/152428.466:ERROR:directory_reader_win.cc(43)] FindFirstFile: Le chemin d’accès spécifié est introuvable. (0x3)
[1221/114112.968:ERROR:directory_reader_win.cc(43)] FindFirstFile: Le chemin d’accès spécifié est introuvable. (0x3)
[0107/071742.072:ERROR:directory_reader_win.cc(43)] FindFirstFile: Le chemin d’accès spécifié est introuvable. (0x3)
